2020-09-11 18:13:04 [    INFO] 
Chromedriver is set up at: 2020-09-11 18:13:04.057713 (selenium_instance.py:24)
2020-09-11 18:13:04 [    INFO] Open: 'https://chisw.com.ua/' (base_test.py:21)
2020-09-11 18:13:09 [    INFO] Validate is logo displayed (main_flow.py:34)
2020-09-11 18:13:09 [    INFO] Chrome is teared down at: 2020-09-11 18:13:09.564099 (selenium_instance.py:39)
2020-09-11 18:13:11 [    INFO] 
Chromedriver is set up at: 2020-09-11 18:13:11.706057 (selenium_instance.py:24)
2020-09-11 18:13:11 [    INFO] Open: 'https://chisw.com.ua/' (base_test.py:21)
2020-09-11 18:13:14 [    INFO] Get titles of the main menu (home_page.py:37)
2020-09-11 18:13:14 [    INFO] Validate are sections present (main_flow.py:45)
2020-09-11 18:13:15 [    INFO] Chrome is teared down at: 2020-09-11 18:13:15.087899 (selenium_instance.py:39)
2020-09-11 18:13:16 [    INFO] 
Chromedriver is set up at: 2020-09-11 18:13:16.953012 (selenium_instance.py:24)
2020-09-11 18:13:17 [    INFO] Open: 'https://chisw.com.ua/' (base_test.py:21)
2020-09-11 18:13:19 [    INFO] Go to section 'ВАКАНСИИ' (main_flow.py:55)
2020-09-11 18:13:20 [    INFO] Get test data for user: 'vacancies' (main_flow.py:26)
2020-09-11 18:13:20 [    INFO] Verify is vacancy 'JUNIOR' present into search results (main_flow.py:65)
2020-09-11 18:13:22 [    INFO] Verify is vacancy 'MIDDLE' present into search results (main_flow.py:65)
2020-09-11 18:13:24 [    INFO] Verify is vacancy 'SENIOR' present into search results (main_flow.py:65)
2020-09-11 18:13:26 [    INFO] Chrome is teared down at: 2020-09-11 18:13:26.214958 (selenium_instance.py:39)
2020-09-11 18:13:27 [    INFO] 
Chromedriver is set up at: 2020-09-11 18:13:27.849084 (selenium_instance.py:24)
2020-09-11 18:13:27 [    INFO] Open: 'https://chisw.com.ua/' (base_test.py:21)
2020-09-11 18:13:30 [    INFO] Go to section 'ВАКАНСИИ' (main_flow.py:55)
2020-09-11 18:13:31 [    INFO] Pick the 'ХАРЬКОВ' checkbox (vacancies_page.py:112)
2020-09-11 18:13:32 [    INFO] Verify the vacancies are available for city 'ХАРЬКОВ' (main_flow.py:77)
2020-09-11 18:13:32 [    INFO] Chrome is teared down at: 2020-09-11 18:13:32.998164 (selenium_instance.py:39)
2020-09-11 18:13:34 [    INFO] 
Chromedriver is set up at: 2020-09-11 18:13:34.655519 (selenium_instance.py:24)
2020-09-11 18:13:34 [    INFO] Open: 'https://chisw.com.ua/' (base_test.py:21)
2020-09-11 18:13:36 [    INFO] Go to section 'ВАКАНСИИ' (main_flow.py:55)
2020-09-11 18:13:37 [    INFO] Pick the 'ДНЕПР' checkbox (vacancies_page.py:112)
2020-09-11 18:13:38 [    INFO] Verify the vacancies are available for city 'ДНЕПР' (main_flow.py:77)
2020-09-11 18:13:39 [    INFO] Chrome is teared down at: 2020-09-11 18:13:39.128895 (selenium_instance.py:39)
2020-09-11 18:13:40 [    INFO] 
Chromedriver is set up at: 2020-09-11 18:13:40.757900 (selenium_instance.py:24)
2020-09-11 18:13:40 [    INFO] Open: 'https://chisw.com.ua/' (base_test.py:21)
2020-09-11 18:13:42 [    INFO] Go to section 'ВАКАНСИИ' (main_flow.py:55)
2020-09-11 18:13:44 [    INFO] Pick the 'ЗАПОРОЖЬЕ' checkbox (vacancies_page.py:112)
2020-09-11 18:13:44 [    INFO] Verify the vacancies are available for city 'ЗАПОРОЖЬЕ' (main_flow.py:77)
2020-09-11 18:13:45 [    INFO] Chrome is teared down at: 2020-09-11 18:13:45.247686 (selenium_instance.py:39)
2020-09-11 18:13:46 [    INFO] 
Chromedriver is set up at: 2020-09-11 18:13:46.839092 (selenium_instance.py:24)
2020-09-11 18:13:46 [    INFO] Open: 'https://chisw.com.ua/' (base_test.py:21)
2020-09-11 18:13:49 [    INFO] Go to section 'ВАКАНСИИ' (main_flow.py:55)
2020-09-11 18:13:50 [    INFO] Pick the 'КИЕВ' checkbox (vacancies_page.py:112)
2020-09-11 18:13:51 [    INFO] Verify the vacancies are available for city 'КИЕВ' (main_flow.py:77)
2020-09-11 18:13:52 [    INFO] Generated the screenshot OTNSLLTTTW.png (utils.py:133)
2020-09-11 18:13:53 [    INFO] Chrome is teared down at: 2020-09-11 18:13:53.239577 (selenium_instance.py:39)
